<?xml version="1.0" encoding="UTF-8"?>
<!-- Generated by org.testng.reporters.JUnitReportReporter -->
<testsuite hostname="Khushi-MacBook" failures="0" tests="1" name="vTigerCampaign.OptimizedCreateCampaignPgTest" time="327.752" errors="0" timestamp="2025-04-05T19:26:54 IST" skipped="0">
  <testcase classname="vTigerCampaign.OptimizedCreateCampaignPgTest" name="optimizedCreateCampaignPg" time="327.752"/>
</testsuite> <!-- vTigerCampaign.OptimizedCreateCampaignPgTest -->
