<?xml version="1.0" encoding="UTF-8"?>
<!-- Generated by org.testng.reporters.JUnitReportReporter -->
<testsuite hostname="Khushi-MacBook" failures="0" tests="3" name="TestNg.DataProviderEx1" time="0.060" errors="0" timestamp="2025-04-05T20:01:24 IST" skipped="0">
  <testcase classname="TestNg.DataProviderEx1" name="bookTickets" time="0.009"/>
  <testcase classname="TestNg.DataProviderEx1" name="bookTickets" time="0.043"/>
  <testcase classname="TestNg.DataProviderEx1" name="bookTickets" time="0.008"/>
</testsuite> <!-- TestNg.DataProviderEx1 -->
