<?xml version="1.0" encoding="UTF-8"?>
<!-- Generated by org.testng.reporters.JUnitReportReporter -->
<testsuite hostname="Khushi-MacBook" failures="0" tests="3" name="TestNg.DataProviderEx3_ExcelFetch" time="128.162" errors="0" timestamp="2025-04-05T21:13:16 IST" skipped="0">
  <testcase classname="TestNg.DataProviderEx3_ExcelFetch" name="createContact" time="44.099"/>
  <testcase classname="TestNg.DataProviderEx3_ExcelFetch" name="createContact" time="41.746"/>
  <testcase classname="TestNg.DataProviderEx3_ExcelFetch" name="createContact" time="42.317"/>
</testsuite> <!-- TestNg.DataProviderEx3_ExcelFetch -->
