<?xml version="1.0" encoding="UTF-8"?>
<!-- Generated by org.testng.reporters.JUnitReportReporter -->
<testsuite hostname="Khushi-MacBook" failures="0" tests="1" name="vTigerProduct.productAddTest" time="52.010" errors="0" timestamp="2025-04-03T20:21:24 IST" skipped="0">
  <testcase classname="vTigerProduct.productAddTest" name="ProductAdd" time="52.010"/>
</testsuite> <!-- vTigerProduct.productAddTest -->
