<?xml version="1.0" encoding="UTF-8"?>
<!-- Generated by org.testng.reporters.JUnitReportReporter -->
<testsuite hostname="Khushi-MacBook" failures="0" tests="6" name="TestNg.SampleTest" time="116.527" errors="0" timestamp="2025-04-03T19:55:10 IST" skipped="1">
  <testcase classname="TestNg.SampleTest" name="deleteContact" time="13.669"/>
  <testcase classname="TestNg.SampleTest" name="modifyContact" time="21.623"/>
  <testcase classname="TestNg.SampleTest" name="createContact" time="30.818"/>
  <testcase classname="TestNg.SampleTest" name="createContact" time="31.383"/>
  <testcase classname="TestNg.SampleTest" name="createContact" time="19.034"/>
  <testcase classname="TestNg.SampleTest" name="CheckToExecute">
    <skipped/>
  </testcase> <!-- CheckToExecute -->
</testsuite> <!-- TestNg.SampleTest -->
