<?xml version="1.0" encoding="UTF-8"?>
<!-- Generated by org.testng.reporters.JUnitReportReporter -->
<testsuite hostname="Khushi-MacBook" failures="0" tests="4" name="TestNg.DataProviderEx2" time="347.915" errors="0" timestamp="2025-04-05T20:20:53 IST" skipped="0">
  <testcase classname="TestNg.DataProviderEx2" name="createContact" time="81.511"/>
  <testcase classname="TestNg.DataProviderEx2" name="createContact" time="96.549"/>
  <testcase classname="TestNg.DataProviderEx2" name="createContact" time="81.282"/>
  <testcase classname="TestNg.DataProviderEx2" name="createContact" time="88.573"/>
</testsuite> <!-- TestNg.DataProviderEx2 -->
