<?xml version="1.0" encoding="UTF-8"?>
<!-- Generated by org.testng.reporters.JUnitReportReporter -->
<testsuite hostname="Khushi-MacBook" failures="0" tests="1" name="vTigerContact.CreateContactTest" time="334.791" errors="0" timestamp="2025-04-05T19:26:54 IST" skipped="0">
  <testcase classname="vTigerContact.CreateContactTest" name="createContact" time="334.791"/>
</testsuite> <!-- vTigerContact.CreateContactTest -->
