<?xml version="1.0" encoding="UTF-8"?>
<!-- Generated by org.testng.reporters.JUnitReportReporter -->
<testsuite hostname="Khushi-MacBook" failures="0" tests="1" name="vTigerCampaign.CampaignWithProduct_2_DynamicTest" time="143.389" errors="0" timestamp="2025-04-04T19:42:18 IST" skipped="0">
  <testcase classname="vTigerCampaign.CampaignWithProduct_2_DynamicTest" name="campaignWithProduct_2_Dynamic" time="143.389"/>
</testsuite> <!-- vTigerCampaign.CampaignWithProduct_2_DynamicTest -->
