<?xml version="1.0" encoding="UTF-8"?>
<!-- Generated by org.testng.reporters.JUnitReportReporter -->
<testsuite hostname="Khushi-MacBook" failures="0" tests="1" name="vTigerOrganization.CreateOrganizationTest" time="42.270" errors="0" timestamp="2025-04-03T20:44:25 IST" skipped="0">
  <testcase classname="vTigerOrganization.CreateOrganizationTest" name="createOrganization" time="42.270"/>
</testsuite> <!-- vTigerOrganization.CreateOrganizationTest -->
